Kompilacja rozpoczęła się 21.06.2019 15:22:57.
     1>Projekt „C:\Users\Mateusz\Desktop\Grfika\Wulkan\Wulkan\Wulkan.vcxproj” w węźle 2 (elementy docelowe: Build).
     1>Kompilowanie przy użyciu wersji narzędzi „15.0”.
       Pominięto element docelowy „EnableIntermediateOutputPathMismatchWarning” z powodu fałszywego warunku; ('$(RestoreProjectStyle)' == 'PackageReference') oszacowano jako ('' == 'PackageReference').
     1>Element docelowy „_CheckForInvalidConfigurationAndPlatform” w pliku „C:\Program Files (x86)\Microsoft Visual Studio\2017\Enterprise\MSBuild\15.0\Bin\Microsoft.Common.CurrentVersion.targets” z projektu „C:\Users\Mateusz\Desktop\Grfika\Wulkan\Wulkan\Wulkan.vcxproj” (zależy od niego element docelowy „SetTelemetryEnvironmentVariables”):
       Pominięto zadanie „Error” z powodu fałszywego warunku; ( '$(_InvalidConfigurationError)' == 'true' ) oszacowano jako ( '' == 'true' ).
       Pominięto zadanie „Warning” z powodu fałszywego warunku; ( '$(_InvalidConfigurationWarning)' == 'true' ) oszacowano jako ( '' == 'true' ).
       Używanie zadania „Message” z zestawu „Microsoft.Build.Tasks.Core, Version=15.1.0.0, Culture=neutral, PublicKeyToken=b03f5f7f11d50a3a”.
       Zadanie „Message”
         Configuration=Debug
       Wykonywanie zadania „Message” zakończone.
       Zadanie „Message”
         Platform=x64
       Wykonywanie zadania „Message” zakończone.
       Pominięto zadanie „Error” z powodu fałszywego warunku; ('$(OutDir)' != '' and !HasTrailingSlash('$(OutDir)')) oszacowano jako ('C:\Users\Mateusz\Desktop\Grfika\Wulkan\x64\Debug\' != '' and !HasTrailingSlash('C:\Users\Mateusz\Desktop\Grfika\Wulkan\x64\Debug\')).
       Pominięto zadanie „Error” z powodu fałszywego warunku; ('$(BaseIntermediateOutputPath)' != '' and !HasTrailingSlash('$(BaseIntermediateOutputPath)')) oszacowano jako ('obj\' != '' and !HasTrailingSlash('obj\')).
       Pominięto zadanie „Error” z powodu fałszywego warunku; ('$(IntermediateOutputPath)' != '' and !HasTrailingSlash('$(IntermediateOutputPath)')) oszacowano jako ('x64\Debug\' != '' and !HasTrailingSlash('x64\Debug\')).
       Pominięto zadanie „Error” z powodu fałszywego warunku; ( '$(_InitialMSBuildProjectExtensionsPath)' != '' And '$(MSBuildProjectExtensionsPath)' != '$(_InitialMSBuildProjectExtensionsPath)' ) oszacowano jako ( 'C:\Users\Mateusz\Desktop\Grfika\Wulkan\Wulkan\obj\' != '' And 'C:\Users\Mateusz\Desktop\Grfika\Wulkan\Wulkan\obj\' != 'C:\Users\Mateusz\Desktop\Grfika\Wulkan\Wulkan\obj\' ).
       Pominięto zadanie „Warning” z powodu fałszywego warunku; ( '$(EnableBaseIntermediateOutputPathMismatchWarning)' == 'true' And '$(_InitialBaseIntermediateOutputPath)' != '$(BaseIntermediateOutputPath)' And '$(BaseIntermediateOutputPath)' != '$(MSBuildProjectExtensionsPath)' ) oszacowano jako ( '' == 'true' And 'obj\' != 'obj\' And 'obj\' != 'C:\Users\Mateusz\Desktop\Grfika\Wulkan\Wulkan\obj\' ).
     1>Wykonano kompilowanie elementu docelowego „_CheckForInvalidConfigurationAndPlatform” w projekcie „Wulkan.vcxproj”.
       Pominięto element docelowy „_CheckForInvalidConfigurationAndPlatform”. Wcześniejsza kompilacja powiodła się.
     1>Element docelowy „SetTelemetryEnvironmentVariables” w pliku „C:\Program Files (x86)\Microsoft Visual Studio\2017\Enterprise\Common7\IDE\VC\VCTargets\Microsoft.Cpp.DesignTime.targets” z projektu „C:\Users\Mateusz\Desktop\Grfika\Wulkan\Wulkan\Wulkan.vcxproj” (zależy od niego element docelowy „Build”):
       Używanie zadania „SetEnv” z zestawu „C:\Program Files (x86)\Microsoft Visual Studio\2017\Enterprise\Common7\IDE\VC\VCTargets\Microsoft.Build.CppTasks.Common.dll”.
       Zadanie „SetEnv”
         VSTEL_SolutionSessionID={FA578D74-6E28-4955-A009-B866768930F9}
       Wykonywanie zadania „SetEnv” zakończone.
       Zadanie „SetEnv”
         VSTEL_CurrentSolutionBuildID=442877125
       Wykonywanie zadania „SetEnv” zakończone.
       Zadanie „SetEnv”
         VSTEL_ProjectID={DE9CBB53-B6A0-43E6-9340-7317AB8F4360}
       Wykonywanie zadania „SetEnv” zakończone.
     1>Wykonano kompilowanie elementu docelowego „SetTelemetryEnvironmentVariables” w projekcie „Wulkan.vcxproj”.
     1>Element docelowy „_PrepareForBuild” w pliku „C:\Program Files (x86)\Microsoft Visual Studio\2017\Enterprise\Common7\IDE\VC\VCTargets\Microsoft.BuildSteps.Targets” z projektu „C:\Users\Mateusz\Desktop\Grfika\Wulkan\Wulkan\Wulkan.vcxproj” (zależy od niego element docelowy „Build”):
       Pominięto zadanie „CreateItem” z powodu fałszywego warunku; ('%(CustomBuild.IncludeFileToTool)'!='') oszacowano jako (''!='').
     1>Wykonano kompilowanie elementu docelowego „_PrepareForBuild” w projekcie „Wulkan.vcxproj”.
     1>Element docelowy „_PrepareForReferenceResolution” w pliku „C:\Program Files (x86)\Microsoft Visual Studio\2017\Enterprise\Common7\IDE\VC\VCTargets\Microsoft.CppBuild.targets” z projektu „C:\Users\Mateusz\Desktop\Grfika\Wulkan\Wulkan\Wulkan.vcxproj” (zależy od niego element docelowy „ResolveReferences”):
       Pominięto zadanie „Message” z powodu fałszywego warunku; ('$(_REFERENCE_DEBUG)'=='true') oszacowano jako (''=='true').
     1>Wykonano kompilowanie elementu docelowego „_PrepareForReferenceResolution” w projekcie „Wulkan.vcxproj”.
       Pominięto element docelowy „ComputeCrtSDKReference” z powodu fałszywego warunku; ('@(ClCompile)'!='' and '$(WindowsAppContainer)'=='true' and '$(UseCrtSDKReference)' != 'false') oszacowano jako ('glad.c;main_file.cpp;mesh.cpp;model.h;Shader.cpp;stb_image.cpp'!='' and 'false'=='true' and '' != 'false').
     1>Element docelowy „BeforeResolveReferences” w pliku „C:\Program Files (x86)\Microsoft Visual Studio\2017\Enterprise\MSBuild\15.0\Bin\Microsoft.Common.CurrentVersion.targets” z projektu „C:\Users\Mateusz\Desktop\Grfika\Wulkan\Wulkan\Wulkan.vcxproj” (zależy od niego element docelowy „ResolveReferences”):
     1>Wykonano kompilowanie elementu docelowego „BeforeResolveReferences” w projekcie „Wulkan.vcxproj”.
     1>Element docelowy „AssignProjectConfiguration” w pliku „C:\Program Files (x86)\Microsoft Visual Studio\2017\Enterprise\MSBuild\15.0\Bin\Microsoft.Common.CurrentVersion.targets” z projektu „C:\Users\Mateusz\Desktop\Grfika\Wulkan\Wulkan\Wulkan.vcxproj” (zależy od niego element docelowy „ResolveReferences”):
       Używanie zadania „AssignProjectConfiguration” z zestawu „Microsoft.Build.Tasks.Core, Version=15.1.0.0, Culture=neutral, PublicKeyToken=b03f5f7f11d50a3a”.
       Zadanie „AssignProjectConfiguration”
       Wykonywanie zadania „AssignProjectConfiguration” zakończone.
     1>Wykonano kompilowanie elementu docelowego „AssignProjectConfiguration” w projekcie „Wulkan.vcxproj”.
       Pominięto element docelowy „AssignProjectConfiguration”. Wcześniejsza kompilacja powiodła się.
     1>Element docelowy „_SplitProjectReferencesByFileExistence” w pliku „C:\Program Files (x86)\Microsoft Visual Studio\2017\Enterprise\MSBuild\15.0\Bin\Microsoft.Common.CurrentVersion.targets” z projektu „C:\Users\Mateusz\Desktop\Grfika\Wulkan\Wulkan\Wulkan.vcxproj” (zależy od niego element docelowy „PrepareProjectReferences”):
       Pominięto zadanie „ResolveNonMSBuildProjectOutput” z powodu fałszywego warunku; ('$(BuildingInsideVisualStudio)'=='true' and '@(ProjectReferenceWithConfiguration)'!='') oszacowano jako ('true'=='true' and ''!='').
     1>Wykonano kompilowanie elementu docelowego „_SplitProjectReferencesByFileExistence” w projekcie „Wulkan.vcxproj”.
     1>Element docelowy „_GetProjectReferenceTargetFrameworkProperties” w pliku „C:\Program Files (x86)\Microsoft Visual Studio\2017\Enterprise\MSBuild\15.0\Bin\Microsoft.Common.CurrentVersion.targets” z projektu „C:\Users\Mateusz\Desktop\Grfika\Wulkan\Wulkan\Wulkan.vcxproj” (zależy od niego element docelowy „PrepareProjectReferences”):
       Używanie zadania „MSBuild” z zestawu „Microsoft.Build.Tasks.Core, Version=15.1.0.0, Culture=neutral, PublicKeyToken=b03f5f7f11d50a3a”.
       Zadanie „MSBuild”
       Wykonywanie zadania „MSBuild” zakończone.
       Pominięto zadanie „GetReferenceNearestTargetFrameworkTask” z powodu fałszywego warunku; ('@(_ProjectReferenceTargetFrameworkPossibilities->Count())' != '0' and '$(ReferringTargetFrameworkForProjectReferences)' != '') oszacowano jako ('0' != '0' and '.NETFramework,Version=v4.0' != '').
     1>Wykonano kompilowanie elementu docelowego „_GetProjectReferenceTargetFrameworkProperties” w projekcie „Wulkan.vcxproj”.
     1>Element docelowy „PrepareProjectReferences” w pliku „C:\Program Files (x86)\Microsoft Visual Studio\2017\Enterprise\MSBuild\15.0\Bin\Microsoft.Common.CurrentVersion.targets” z projektu „C:\Users\Mateusz\Desktop\Grfika\Wulkan\Wulkan\Wulkan.vcxproj” (zależy od niego element docelowy „ResolveProjectReferences”):
     1>Wykonano kompilowanie elementu docelowego „PrepareProjectReferences” w projekcie „Wulkan.vcxproj”.
       Pominięto element docelowy „_RemoveNameMetadataFromProjectReferenceItems” z powodu fałszywego warunku; ('@(ProjectReference)'!='') oszacowano jako (''!='').
     1>Element docelowy „ResolveProjectReferences” w pliku „C:\Program Files (x86)\Microsoft Visual Studio\2017\Enterprise\MSBuild\15.0\Bin\Microsoft.Common.CurrentVersion.targets” z projektu „C:\Users\Mateusz\Desktop\Grfika\Wulkan\Wulkan\Wulkan.vcxproj” (zależy od niego element docelowy „ResolveReferences”):
       Pominięto zadanie „MSBuild” z powodu fałszywego warunku; ('%(_MSBuildProjectReferenceExistent.BuildReference)' == 'true' and '@(ProjectReferenceWithConfiguration)' != '' and ('$(BuildingInsideVisualStudio)' == 'true' or '$(BuildProjectReferences)' != 'true') and '$(VisualStudioVersion)' != '10.0' and '@(_MSBuildProjectReferenceExistent)' != '') oszacowano jako ('' == 'true' and '' != '' and ('true' == 'true' or 'true' != 'true') and '15.0' != '10.0' and '' != '').
       Pominięto zadanie „MSBuild” z powodu fałszywego warunku; ('%(_MSBuildProjectReferenceExistent.BuildReference)' == 'true' and '@(ProjectReferenceWithConfiguration)' != '' and ('$(BuildingInsideVisualStudio)' == 'true' or '$(BuildProjectReferences)' != 'true') and '$(VisualStudioVersion)' == '10.0' and '@(_MSBuildProjectReferenceExistent)' != '') oszacowano jako ('' == 'true' and '' != '' and ('true' == 'true' or 'true' != 'true') and '15.0' == '10.0' and '' != '').
       Pominięto zadanie „MSBuild” z powodu fałszywego warunku; ('%(_MSBuildProjectReferenceExistent.BuildReference)' == 'true' and '@(ProjectReferenceWithConfiguration)' != '' and '$(BuildingInsideVisualStudio)' != 'true' and '$(BuildProjectReferences)' == 'true' and '@(_MSBuildProjectReferenceExistent)' != '') oszacowano jako ('' == 'true' and '' != '' and 'true' != 'true' and 'true' == 'true' and '' != '').
       Pominięto zadanie „MSBuild” z powodu fałszywego warunku; ('%(_MSBuildProjectReferenceExistent.BuildReference)' == 'true' and '@(ProjectReferenceWithConfiguration)' != '' and '$(BuildingProject)' == 'true' and '@(_MSBuildProjectReferenceExistent)' != '') oszacowano jako ('' == 'true' and '' != '' and 'true' == 'true' and '' != '').
       Pominięto zadanie „Warning” z powodu fałszywego warunku; ('@(ProjectReferenceWithConfiguration)' != '' and '@(_MSBuildProjectReferenceNonexistent)' != '') oszacowano jako ('' != '' and '' != '').
     1>Wykonano kompilowanie elementu docelowego „ResolveProjectReferences” w projekcie „Wulkan.vcxproj”.
       Pominięto element docelowy „FindInvalidProjectReferences” z powodu fałszywego warunku; ('$(FindInvalidProjectReferences)' == 'true') oszacowano jako ('' == 'true').
       Pominięto element docelowy „ResolveNativeReferences” z powodu fałszywego warunku; ('@(NativeReference)'!='') oszacowano jako (''!='').
       Pominięto element docelowy „_PrepareForReferenceResolution”. Wcześniejsza kompilacja powiodła się.
       Pominięto element docelowy „ResolveProjectReferences”. Wcześniejsza kompilacja powiodła się.
       Pominięto element docelowy „FindInvalidProjectReferences” z powodu fałszywego warunku; ('$(FindInvalidProjectReferences)' == 'true') oszacowano jako ('' == 'true').
     1>Element docelowy „GetFrameworkPaths” w pliku „C:\Program Files (x86)\Microsoft Visual Studio\2017\Enterprise\MSBuild\15.0\Bin\Microsoft.NETFramework.CurrentVersion.targets” z projektu „C:\Users\Mateusz\Desktop\Grfika\Wulkan\Wulkan\Wulkan.vcxproj” (zależy od niego element docelowy „ResolveAssemblyReferences”):
     1>Wykonano kompilowanie elementu docelowego „GetFrameworkPaths” w projekcie „Wulkan.vcxproj”.
       Pominięto element docelowy „_PrepareForReferenceResolution”. Wcześniejsza kompilacja powiodła się.
       Pominięto element docelowy „GetWinFXPath” z powodu fałszywego warunku; (('@(Page)' != '' or '@(ApplicationDefinition)' != '' or '@(Resource)' != '') and ('$(GetWinFXNativePath)' != '' or '$(GetWinFXWoWPath)' != '' )) oszacowano jako (('' != '' or '' != '' or '' != '') and ('' != '' or '' != '' )).
       Pominięto element docelowy „GetFrameworkPaths”. Wcześniejsza kompilacja powiodła się.
     1>Element docelowy „GetReferenceAssemblyPaths” w pliku „C:\Program Files (x86)\Microsoft Visual Studio\2017\Enterprise\MSBuild\15.0\Bin\Microsoft.Common.CurrentVersion.targets” z projektu „C:\Users\Mateusz\Desktop\Grfika\Wulkan\Wulkan\Wulkan.vcxproj” (zależy od niego element docelowy „ResolveAssemblyReferences”):
       Pominięto zadanie „GetReferenceAssemblyPaths” z powodu fałszywego warunku; ('$(TargetFrameworkMoniker)' != '' and ('$(_TargetFrameworkDirectories)' == '' or '$(_FullFrameworkReferenceAssemblyPaths)' == '')) oszacowano jako ('' != '' and ('C:\Program Files (x86)\Reference Assemblies\Microsoft\Framework\.NETFramework\v4.0' == '' or 'C:\Program Files (x86)\Reference Assemblies\Microsoft\Framework\.NETFramework\v4.0' == '')).
     1>Wykonano kompilowanie elementu docelowego „GetReferenceAssemblyPaths” w projekcie „Wulkan.vcxproj”.
     1>Element docelowy „SetBuildDefaultEnvironmentVariables” w pliku „C:\Program Files (x86)\Microsoft Visual Studio\2017\Enterprise\Common7\IDE\VC\VCTargets\Microsoft.Cpp.Current.targets” z projektu „C:\Users\Mateusz\Desktop\Grfika\Wulkan\Wulkan\Wulkan.vcxproj” (zależy od niego element docelowy „PrepareForBuild”):
       Zadanie „SetEnv”
         PATH=C:\Program Files (x86)\Microsoft Visual Studio\2017\Enterprise\VC\Tools\MSVC\14.16.27023\bin\HostX86\x64;C:\Program Files (x86)\Microsoft Visual Studio\2017\Enterprise\VC\Tools\MSVC\14.16.27023\bin\HostX86\x86;C:\Program Files (x86)\Windows Kits\10\bin\10.0.17763.0\x86;;C:\Program Files (x86)\Microsoft SDKs\Windows\v10.0A\bin\NETFX 4.6.1 Tools;C:\Program Files (x86)\Microsoft Visual Studio\2017\Enterprise\Common7\tools;C:\Program Files (x86)\Microsoft Visual Studio\2017\Enterprise\Common7\ide;C:\Program Files (x86)\HTML Help Workshop;;C:\Program Files (x86)\Microsoft Visual Studio\2017\Enterprise\MSBuild\15.0\Bin;C:\WINDOWS\Microsoft.NET\Framework\v4.0.30319\;;C:\Program Files (x86)\Embarcadero\Studio\20.0\bin;C:\Users\Public\Documents\Embarcadero\Studio\20.0\Bpl;C:\Program Files (x86)\Embarcadero\Studio\20.0\bin64;C:\Users\Public\Documents\Embarcadero\Studio\20.0\Bpl\Win64;C:\Program Files (x86)\Common Files\Tom Sawyer Software\8.0.0;C:\Users\Mateusz\AppData\Local\Programs\MiKTeX 2.9\miktex\bin\x64;C:\Program Files\CMake\bin;C:\Program Files\Microsoft SQL Server\130\Tools\Binn\;C:\Windows\System32;C:\Program Files\Java\jdk-11.0.1\bin;C:\Program Files\apache-maven-3.6.1\bin;C:\TDM-GCC-64\bin;C:\Users\Mateusz\.cargo\bin;C:\Users\Mateusz\Miniconda3;C:\Users\Mateusz\Miniconda3\Library\mingw-w64\bin;C:\Users\Mateusz\Miniconda3\Library\usr\bin;C:\Users\Mateusz\Miniconda3\Library\bin;C:\Users\Mateusz\Miniconda3\Scripts;C:\Users\Mateusz\AppData\Local\Programs\Python\Python37-32\Scripts\;C:\Users\Mateusz\AppData\Local\Programs\Python\Python37-32\;C:\Users\Mateusz\AppData\Local\Programs\Python\Launcher\;C:\Users\Mateusz\AppData\Local\Microsoft\WindowsApps;C:\Users\Mateusz\AppData\Local\Programs\Microsoft VS Code\bin;C:\Program Files\Java\jdk1.8.0_191\bin;C:\Program Files\Java\jre1.8.0_191\bin;C:\Program Files\NVIDIA GPU Computing Toolkit\CUDA\v8.0\bin;C:\Windows\Microsoft.NET\Framework\v4.0.30319;C:\Users\Mateusz\.dotnet\tools;C:\Users\Mateusz\AppData\Roaming\npm;C:\ProgramData\chocolatey\lib\mingw\tools\install\mingw64\bin;C:\Users\Mateusz\AppData\Local\Microsoft\WindowsApps;C:\Users\Mateusz\AppData\Local\Programs\MiKTeX 2.9\miktex\bin\x64\;
       Wykonywanie zadania „SetEnv” zakończone.
       Zadanie „SetEnv”
         LIB=C:\Program Files (x86)\Microsoft Visual Studio\2017\Enterprise\VC\Tools\MSVC\14.16.27023\lib\x64;;C:\Program Files (x86)\Microsoft Visual Studio\2017\Enterprise\VC\Tools\MSVC\14.16.27023\atlmfc\lib\x64;;C:\Program Files (x86)\Microsoft Visual Studio\2017\Enterprise\VC\Auxiliary\VS\lib\x64;;C:\Program Files (x86)\Windows Kits\10\lib\10.0.17763.0\ucrt\x64;;;C:\Program Files (x86)\Windows Kits\10\lib\10.0.17763.0\um\x64;C:\Program Files (x86)\Windows Kits\NETFXSDK\4.6.1\lib\um\x64;;C:\Program Files (x86)\Windows Kits\NETFXSDK\4.6.1\Lib\um\x64
       Wykonywanie zadania „SetEnv” zakończone.
       Zadanie „SetEnv”
         LIBPATH=C:\Program Files (x86)\Microsoft Visual Studio\2017\Enterprise\VC\Tools\MSVC\14.16.27023\atlmfc\lib\x64;;C:\Program Files (x86)\Microsoft Visual Studio\2017\Enterprise\VC\Tools\MSVC\14.16.27023\lib\x64;
       Wykonywanie zadania „SetEnv” zakończone.
       Zadanie „SetEnv”
         INCLUDE=C:\Program Files (x86)\Microsoft Visual Studio\2017\Enterprise\VC\Tools\MSVC\14.16.27023\include;;C:\Program Files (x86)\Microsoft Visual Studio\2017\Enterprise\VC\Tools\MSVC\14.16.27023\atlmfc\include;;C:\Program Files (x86)\Microsoft Visual Studio\2017\Enterprise\VC\Auxiliary\VS\include;;C:\Program Files (x86)\Windows Kits\10\Include\10.0.17763.0\ucrt;;;C:\Program Files (x86)\Windows Kits\10\Include\10.0.17763.0\um;C:\Program Files (x86)\Windows Kits\10\Include\10.0.17763.0\shared;C:\Program Files (x86)\Windows Kits\10\Include\10.0.17763.0\winrt;C:\Program Files (x86)\Windows Kits\10\Include\10.0.17763.0\cppwinrt;C:\Program Files (x86)\Windows Kits\NETFXSDK\4.6.1\Include\um;C:\Program Files (x86)\Windows Kits\NETFXSDK\4.6.1\Include\um;
       Wykonywanie zadania „SetEnv” zakończone.
     1>Wykonano kompilowanie elementu docelowego „SetBuildDefaultEnvironmentVariables” w projekcie „Wulkan.vcxproj”.
       Pominięto element docelowy „SetUserMacroEnvironmentVariables” z powodu fałszywego warunku; ('@(BuildMacro)' != '' and '$(DesignTimeBuild)' != 'true') oszacowano jako ('' != '' and '' != 'true').
       Pominięto element docelowy „_PrepareForReferenceResolution”. Wcześniejsza kompilacja powiodła się.
     1>Element docelowy „GetResolvedWinMD” w pliku „C:\Program Files (x86)\Microsoft Visual Studio\2017\Enterprise\Common7\IDE\VC\VCTargets\Microsoft.CppBuild.targets” z projektu „C:\Users\Mateusz\Desktop\Grfika\Wulkan\Wulkan\Wulkan.vcxproj” (zależy od niego element docelowy „PrepareForBuild”):
     1>Wykonano kompilowanie elementu docelowego „GetResolvedWinMD” w projekcie „Wulkan.vcxproj”.
     1>Element docelowy „PlatformPrepareForBuild” w pliku „C:\Program Files (x86)\Microsoft Visual Studio\2017\Enterprise\Common7\IDE\VC\VCTargets\Microsoft.Cpp.Platform.targets” z projektu „C:\Users\Mateusz\Desktop\Grfika\Wulkan\Wulkan\Wulkan.vcxproj” (zależy od niego element docelowy „PrepareForBuild”):
       Pominięto zadanie „VCMessage” z powodu fałszywego warunku; ('$(_Error64bitToolsNotInstalled)' == 'true') oszacowano jako ('' == 'true').
       Pominięto zadanie „VCMessage” z powodu fałszywego warunku; ('$(DesignTimeBuild)'!='true' and '$(_ToolsetFound)' != 'true' and '$(PlatformToolset)' == '') oszacowano jako (''!='true' and 'true' != 'true' and 'v141' == '').
       Pominięto zadanie „VCMessage” z powodu fałszywego warunku; ('$(DesignTimeBuild)'!='true' and '$(_ToolsetFound)' != 'true' and '$(PlatformToolset)' == 'v110') oszacowano jako (''!='true' and 'true' != 'true' and 'v141' == 'v110').
       Pominięto zadanie „VCMessage” z powodu fałszywego warunku; ('$(DesignTimeBuild)'!='true' and '$(_ToolsetFound)' != 'true' and '$(PlatformToolset)' == 'v100') oszacowano jako (''!='true' and 'true' != 'true' and 'v141' == 'v100').
       Pominięto zadanie „VCMessage” z powodu fałszywego warunku; ('$(DesignTimeBuild)'!='true' and '$(_ToolsetFound)' != 'true' and '$(PlatformToolset)' == 'v90') oszacowano jako (''!='true' and 'true' != 'true' and 'v141' == 'v90').
       Pominięto zadanie „VCMessage” z powodu fałszywego warunku; ('$(DesignTimeBuild)'!='true' and '$(_ToolsetFound)' != 'true' and '$(PlatformToolset)' != 'v90' and '$(PlatformToolset)' != 'v100' and '$(PlatformToolset)' != 'v110') oszacowano jako (''!='true' and 'true' != 'true' and 'v141' != 'v90' and 'v141' != 'v100' and 'v141' != 'v110').
     1>Wykonano kompilowanie elementu docelowego „PlatformPrepareForBuild” w projekcie „Wulkan.vcxproj”.
     1>Element docelowy „_CheckWindowsSDKInstalled” w pliku „C:\Program Files (x86)\Microsoft Visual Studio\2017\Enterprise\Common7\IDE\VC\VCTargets\Microsoft.Cpp.WindowsSDK.targets” z projektu „C:\Users\Mateusz\Desktop\Grfika\Wulkan\Wulkan\Wulkan.vcxproj” (zależy od niego element docelowy „PrepareForBuild”):
       Pominięto zadanie „VCMessage” z powodu fałszywego warunku; ('$(WindowsSDKInstalled)' != 'true') oszacowano jako ('true' != 'true').
       Pominięto zadanie „VCMessage” z powodu fałszywego warunku; ('$(WindowsAppContainer)' != 'true' and '$(WindowsSDK_Desktop_Support)' != true) oszacowano jako ('false' != 'true' and 'true' != true).
     1>Wykonano kompilowanie elementu docelowego „_CheckWindowsSDKInstalled” w projekcie „Wulkan.vcxproj”.
       Pominięto element docelowy „GetFrameworkPaths”. Wcześniejsza kompilacja powiodła się.
       Pominięto element docelowy „GetReferenceAssemblyPaths”. Wcześniejsza kompilacja powiodła się.
       Pominięto element docelowy „AssignLinkMetadata” z powodu fałszywego warunku; ( '$(SynthesizeLinkMetadata)' == 'true' ) oszacowano jako ( '' == 'true' ).
     1>Element docelowy „SetCABuildNativeEnvironmentVariables” w pliku „C:\Program Files (x86)\Microsoft Visual Studio\2017\Enterprise\MSBuild\Microsoft\VisualStudio\v15.0\CodeAnalysis\Microsoft.CodeAnalysis.targets” z projektu „C:\Users\Mateusz\Desktop\Grfika\Wulkan\Wulkan\Wulkan.vcxproj” (zależy od niego element docelowy „PrepareForBuild”):
       Zadanie „SetEnv”
         CAExcludePath=C:\Program Files (x86)\Microsoft Visual Studio\2017\Enterprise\VC\Tools\MSVC\14.16.27023\atlmfc\include;C:\Program Files (x86)\Microsoft Visual Studio\2017\Enterprise\VC\Tools\MSVC\14.16.27023\include;C:\Program Files (x86)\Windows Kits\10\Include\10.0.17763.0\ucrt;;C:\Program Files (x86)\Windows Kits\10\Include\10.0.17763.0\um;C:\Program Files (x86)\Windows Kits\10\Include\10.0.17763.0\shared;C:\Program Files (x86)\Windows Kits\10\Include\10.0.17763.0\winrt;C:\Program Files (x86)\Windows Kits\10\Include\10.0.17763.0\cppwinrt;C:\Program Files (x86)\Windows Kits\NETFXSDK\4.6.1\Include\um;C:\Program Files (x86)\Windows Kits\NETFXSDK\4.6.1\Include\um;
       Wykonywanie zadania „SetEnv” zakończone.
     1>Wykonano kompilowanie elementu docelowego „SetCABuildNativeEnvironmentVariables” w projekcie „Wulkan.vcxproj”.
     1>Element docelowy „PrepareForBuild” w pliku „C:\Program Files (x86)\Microsoft Visual Studio\2017\Enterprise\Common7\IDE\VC\VCTargets\Microsoft.CppBuild.targets” z projektu „C:\Users\Mateusz\Desktop\Grfika\Wulkan\Wulkan\Wulkan.vcxproj” (zależy od niego element docelowy „ResolveAssemblyReferences”):
       Pominięto zadanie „VCMessage” z powodu fałszywego warunku; ('$(DesignTimeBuild)' != 'true' and '$(ConfigurationPlatformExists)' != 'true') oszacowano jako ('' != 'true' and 'true' != 'true').
       Używanie zadania „MakeDir” z zestawu „Microsoft.Build.Tasks.Core, Version=15.1.0.0, Culture=neutral, PublicKeyToken=b03f5f7f11d50a3a”.
       Zadanie „MakeDir”
       Wykonywanie zadania „MakeDir” zakończone.
       Pominięto zadanie „VCMessage” z powodu fałszywego warunku; ('$(DesignTimeBuild)'!='true' and '$(WindowsAppContainer)'=='true' and '$(ConfigurationType)'!='Application' and '$(ConfigurationType)'!='DynamicLibrary' and '$(ConfigurationType)'!='StaticLibrary') oszacowano jako (''!='true' and 'false'=='true' and 'Application'!='Application' and 'Application'!='DynamicLibrary' and 'Application'!='StaticLibrary').
       Pominięto zadanie „VCMessage” z powodu fałszywego warunku; ('$(DesignTimeBuild)'!='true' and '$(VCToolsInstallDir)'=='' and '$(UseEnv)' != 'true' and ('$(TargetFrameworkVersion)'=='v3.5' or '$(TargetFrameworkVersion)'=='v3.0' or '$(TargetFrameworkVersion)'=='v2.0' )) oszacowano jako (''!='true' and 'C:\Program Files (x86)\Microsoft Visual Studio\2017\Enterprise\VC\Tools\MSVC\14.16.27023\'=='' and '' != 'true' and ('v4.0'=='v3.5' or 'v4.0'=='v3.0' or 'v4.0'=='v2.0' )).
       Pominięto zadanie „VCMessage” z powodu fałszywego warunku; ('$(DesignTimeBuild)'!='true' and '$(VCToolsInstallDir)'=='' and '$(UseEnv)' != 'true' and '$(PlatformToolset)'=='v90') oszacowano jako (''!='true' and 'C:\Program Files (x86)\Microsoft Visual Studio\2017\Enterprise\VC\Tools\MSVC\14.16.27023\'=='' and '' != 'true' and 'v141'=='v90').
       Pominięto zadanie „VCMessage” z powodu fałszywego warunku; ('$(DesignTimeBuild)'!='true' and '$(VCToolsInstallDir)'=='' and '$(UseEnv)' != 'true') oszacowano jako (''!='true' and 'C:\Program Files (x86)\Microsoft Visual Studio\2017\Enterprise\VC\Tools\MSVC\14.16.27023\'=='' and '' != 'true').
       Pominięto zadanie „VCMessage” z powodu fałszywego warunku; ('$(DesignTimeBuild)'!='true' and '$(WindowsSDKDir)'=='' and '$(UseEnv)' != 'true') oszacowano jako (''!='true' and 'C:\Program Files (x86)\Windows Kits\10\'=='' and '' != 'true').
       Pominięto zadanie „VCMessage” z powodu fałszywego warunku; ('$(DesignTimeBuild)'!='true' and '$(IntDirTrailingSlashWarning)'=='true') oszacowano jako (''!='true' and ''=='true').
       Pominięto zadanie „VCMessage” z powodu fałszywego warunku; ('$(DesignTimeBuild)'!='true' and '$(OutDirTrailingSlashWarning)'=='true') oszacowano jako (''!='true' and ''=='true').
       Pominięto zadanie „VCMessage” z powodu fałszywego warunku; ('%(CompatibilityIssues.Identity)' != '' and '$(DesignTimeBuild)'!='true') oszacowano jako ('' != '' and ''!='true').
       Pominięto zadanie „VCMessage” z powodu fałszywego warunku; ('$(IgnoreWarnIntDirSharingDetected)' != 'true' and '$(IntDirSharingDetected)' == 'true') oszacowano jako ('' != 'true' and '' == 'true').
       Pominięto zadanie „VCMessage” z powodu fałszywego warunku; ('$(DesignTimeBuild)'!='true' and '$(IgnoreWarnIntDirInTempDetected)' != 'true' and ('$(_IntDirFullpath.StartsWith($(Tmp), true, null))' == 'true' or '$(_IntDirFullpath.StartsWith($(Temp), true, null))' == 'true' or '$(_OutDirFullpath.StartsWith($(Tmp), true, null))' == 'true' or '$(_OutDirFullpath.StartsWith($(Temp), true, null))' == 'true')) oszacowano jako (''!='true' and '' != 'true' and ('False' == 'true' or 'False' == 'true' or 'False' == 'true' or 'False' == 'true')).
       Pominięto zadanie „VCMessage” z powodu fałszywego warunku; ('$(DesignTimeBuild)' != 'true' and '$(SpectreMitigation)' != '' and '$(SpectreMitigation)' != 'false' and (('$(_VC_Target_Library_Platform)' == 'OneCore' and !Exists('$(VC_LibraryPath_VC_x86_OneCore)')) or ('$(_VC_Target_Library_Platform)' == 'Desktop' and !Exists('$(VC_LibraryPath_VC_x86_Desktop)')))) oszacowano jako ('' != 'true' and 'false' != '' and 'false' != 'false' and (('Desktop' == 'OneCore' and !Exists('C:\Program Files (x86)\Microsoft Visual Studio\2017\Enterprise\VC\Tools\MSVC\14.16.27023\lib\onecore\x86')) or ('Desktop' == 'Desktop' and !Exists('C:\Program Files (x86)\Microsoft Visual Studio\2017\Enterprise\VC\Tools\MSVC\14.16.27023\lib\x86')))).
       Zadanie „MakeDir”
         Tworzenie katalogu „C:\Users\Mateusz\Desktop\Grfika\Wulkan\x64\Debug\”.
         Tworzenie katalogu „x64\Debug\Wulkan.tlog\”.
       Wykonywanie zadania „MakeDir” zakończone.
     1>Wykonano kompilowanie elementu docelowego „PrepareForBuild” w projekcie „Wulkan.vcxproj”.
       Pominięto element docelowy „_PrepareForReferenceResolution”. Wcześniejsza kompilacja powiodła się.
       Pominięto element docelowy „ComputeCrtSDKReference” z powodu fałszywego warunku; ('@(ClCompile)'!='' and '$(WindowsAppContainer)'=='true' and '$(UseCrtSDKReference)' != 'false') oszacowano jako ('glad.c;main_file.cpp;mesh.cpp;model.h;Shader.cpp;stb_image.cpp'!='' and 'false'=='true' and '' != 'false').
       Pominięto element docelowy „GetInstalledSDKLocations” z powodu fałszywego warunku; ('@(SDKReference)' != '') oszacowano jako ('' != '').
     1>Element docelowy „ResolveSDKReferences” w pliku „C:\Program Files (x86)\Microsoft Visual Studio\2017\Enterprise\MSBuild\15.0\Bin\Microsoft.Common.CurrentVersion.targets” z projektu „C:\Users\Mateusz\Desktop\Grfika\Wulkan\Wulkan\Wulkan.vcxproj” (zależy od niego element docelowy „ResolveAssemblyReferences”):
       Pominięto zadanie „ResolveSDKReference” z powodu fałszywego warunku; ('@(SDKReference)'!='') oszacowano jako (''!='').
     1>Wykonano kompilowanie elementu docelowego „ResolveSDKReferences” w projekcie „Wulkan.vcxproj”.
       Pominięto element docelowy „ResolveSDKReferences”. Wcześniejsza kompilacja powiodła się.
     1>Element docelowy „ExpandSDKReferences” w pliku „C:\Program Files (x86)\Microsoft Visual Studio\2017\Enterprise\MSBuild\15.0\Bin\Microsoft.Common.CurrentVersion.targets” z projektu „C:\Users\Mateusz\Desktop\Grfika\Wulkan\Wulkan\Wulkan.vcxproj” (zależy od niego element docelowy „ResolveAssemblyReferences”):
       Pominięto zadanie „GetSDKReferenceFiles” z powodu fałszywego warunku; ('@(ResolvedSDKReference)'!='') oszacowano jako (''!='').
     1>Wykonano kompilowanie elementu docelowego „ExpandSDKReferences” w projekcie „Wulkan.vcxproj”.
       Pominięto element docelowy „ResolveNuGetPackageAssets” z powodu fałszywego warunku; ('$(ResolveNuGetPackages)' == 'true' and exists('$(ProjectLockFile)')) oszacowano jako ('true' == 'true' and exists('obj\project.assets.json')).
       Pominięto element docelowy „FakesGenerateBeforeBuild” z powodu fałszywego warunku; (@(Fakes) != '' AND $(BuildingProject)) oszacowano jako ( != '' AND true).
       Pominięto element docelowy „ImplicitlyExpandNETStandardFacades” z powodu fałszywego warunku; ('$(ImplicitlyExpandNETStandardFacades)' == 'true') oszacowano jako ('' == 'true').
       Pominięto element docelowy „GetReferenceAssemblyPaths”. Wcześniejsza kompilacja powiodła się.
       Pominięto element docelowy „ImplicitlyExpandNETStandardFacades” z powodu fałszywego warunku; ('$(ImplicitlyExpandNETStandardFacades)' == 'true') oszacowano jako ('' == 'true').
     1>Element docelowy „_HandlePackageFileConflicts” w pliku „C:\Program Files (x86)\Microsoft Visual Studio\2017\Enterprise\MSBuild\Microsoft\Microsoft.NET.Build.Extensions\Microsoft.NET.Build.Extensions.ConflictResolution.targets” z projektu „C:\Users\Mateusz\Desktop\Grfika\Wulkan\Wulkan\Wulkan.vcxproj” (zależy od niego element docelowy „ResolveAssemblyReferences”):
       Używanie zadania „ResolvePackageFileConflicts” z zestawu „C:\Program Files (x86)\Microsoft Visual Studio\2017\Enterprise\MSBuild\Microsoft\Microsoft.NET.Build.Extensions\\tools\net46\Microsoft.NET.Build.Extensions.Tasks.dll”.
       Zadanie „ResolvePackageFileConflicts”
       Wykonywanie zadania „ResolvePackageFileConflicts” zakończone.
     1>Wykonano kompilowanie elementu docelowego „_HandlePackageFileConflicts” w projekcie „Wulkan.vcxproj”.
     1>Element docelowy „ResolveAssemblyReferences” w pliku „C:\Program Files (x86)\Microsoft Visual Studio\2017\Enterprise\MSBuild\15.0\Bin\Microsoft.Common.CurrentVersion.targets” z projektu „C:\Users\Mateusz\Desktop\Grfika\Wulkan\Wulkan\Wulkan.vcxproj” (zależy od niego element docelowy „ResolveReferences”):
       Pominięto zadanie „ResolveAssemblyReference” z powodu fałszywego warunku; ('@(Reference)'!='' or '@(_ResolvedProjectReferencePaths)'!='' or '@(_ExplicitReference)' != '') oszacowano jako (''!='' or ''!='' or '' != '').
     1>Wykonano kompilowanie elementu docelowego „ResolveAssemblyReferences” w projekcie „Wulkan.vcxproj”.
       Pominięto element docelowy „GenerateBindingRedirects” z powodu fałszywego warunku; ('$(AutoGenerateBindingRedirects)' == 'true' and '$(GenerateBindingRedirectsOutputType)' == 'true') oszacowano jako ('' == 'true' and 'true' == 'true').
       Pominięto element docelowy „_RemoveZipFileSuggestedRedirect” z powodu fałszywego warunku; ('$(_TargetFrameworkVersionWithoutV)' >= '4.7.1' And '$(AllowZipFileRedirect)' != 'true') oszacowano jako ('4.0' >= '4.7.1' And '' != 'true').
       Pominięto element docelowy „GenerateBindingRedirectsUpdateAppConfig” z powodu fałszywego warunku; ('$(AutoGenerateBindingRedirects)' == 'true' and '$(GenerateBindingRedirectsOutputType)' == 'true' and Exists('$(_GenerateBindingRedirectsIntermediateAppConfig)')) oszacowano jako ('' == 'true' and 'true' == 'true' and Exists('x64\Debug\Wulkan.exe.config')).
       Pominięto element docelowy „ResolveComReferences” z powodu fałszywego warunku; ('@(COMReference)'!='' or '@(COMFileReference)'!='') oszacowano jako (''!='' or ''!='').
     1>Element docelowy „AfterResolveReferences” w pliku „C:\Program Files (x86)\Microsoft Visual Studio\2017\Enterprise\MSBuild\15.0\Bin\Microsoft.Common.CurrentVersion.targets” z projektu „C:\Users\Mateusz\Desktop\Grfika\Wulkan\Wulkan\Wulkan.vcxproj” (zależy od niego element docelowy „ResolveReferences”):
     1>Wykonano kompilowanie elementu docelowego „AfterResolveReferences” w projekcie „Wulkan.vcxproj”.
       Pominięto element docelowy „ImplicitlyExpandDesignTimeFacades” z powodu fałszywego warunku; ('$(ImplicitlyExpandDesignTimeFacades)' == 'true') oszacowano jako ('' == 'true').
       Pominięto element docelowy „ResolveTestReferences” z powodu fałszywego warunku; ('@(Shadow)'!='') oszacowano jako (''!='').
     1>Element docelowy „ResolveReferences” w pliku „C:\Program Files (x86)\Microsoft Visual Studio\2017\Enterprise\MSBuild\15.0\Bin\Microsoft.Common.CurrentVersion.targets” z projektu „C:\Users\Mateusz\Desktop\Grfika\Wulkan\Wulkan\Wulkan.vcxproj” (zależy od niego element docelowy „Build”):
     1>Wykonano kompilowanie elementu docelowego „ResolveReferences” w projekcie „Wulkan.vcxproj”.
       Pominięto element docelowy „PrepareForBuild”. Wcześniejsza kompilacja powiodła się.
       Pominięto element docelowy „PrepareForBuild”. Wcześniejsza kompilacja powiodła się.
     1>Element docelowy „InitializeBuildStatus” w pliku „C:\Program Files (x86)\Microsoft Visual Studio\2017\Enterprise\Common7\IDE\VC\VCTargets\Microsoft.CppBuild.targets” z projektu „C:\Users\Mateusz\Desktop\Grfika\Wulkan\Wulkan\Wulkan.vcxproj” (zależy od niego element docelowy „Build”):
       Używanie zadania „ReadLinesFromFile” z zestawu „Microsoft.Build.Tasks.Core, Version=15.1.0.0, Culture=neutral, PublicKeyToken=b03f5f7f11d50a3a”.
       Zadanie „ReadLinesFromFile”
       Wykonywanie zadania „ReadLinesFromFile” zakończone.
       Używanie zadania „WriteLinesToFile” z zestawu „Microsoft.Build.Tasks.Core, Version=15.1.0.0, Culture=neutral, PublicKeyToken=b03f5f7f11d50a3a”.
       Zadanie „WriteLinesToFile”
       Wykonywanie zadania „WriteLinesToFile” zakończone.
       Używanie zadania „Touch” z zestawu „Microsoft.Build.Tasks.Core, Version=15.1.0.0, Culture=neutral, PublicKeyToken=b03f5f7f11d50a3a”.
       Zadanie „Touch”
         Trwa tworzenie „x64\Debug\Wulkan.tlog\unsuccessfulbuild”, ponieważ określono "AlwaysCreate".
       Wykonywanie zadania „Touch” zakończone.
     1>Wykonano kompilowanie elementu docelowego „InitializeBuildStatus” w projekcie „Wulkan.vcxproj”.
       Pominięto element docelowy „PrepareProjectReferences”. Wcześniejsza kompilacja powiodła się.
     1>Element docelowy „BuildGenerateSourcesTraverse” w pliku „C:\Program Files (x86)\Microsoft Visual Studio\2017\Enterprise\MSBuild\15.0\Bin\Microsoft.Common.CurrentVersion.targets” z projektu „C:\Users\Mateusz\Desktop\Grfika\Wulkan\Wulkan\Wulkan.vcxproj” (zależy od niego element docelowy „BuildGenerateSources”):
       Pominięto zadanie „MSBuild” z powodu fałszywego warunku; ('$(BuildPassReferences)' == 'true' and '@(ProjectReferenceWithConfiguration)' != '' and '@(_MSBuildProjectReferenceExistent)' != '' and '%(_MSBuildProjectReferenceExistent.BuildReference)' == 'true') oszacowano jako ('' == 'true' and '' != '' and '' != '' and '' == 'true').
     1>Wykonano kompilowanie elementu docelowego „BuildGenerateSourcesTraverse” w projekcie „Wulkan.vcxproj”.
       Pominięto element docelowy „PrepareForBuild”. Wcześniejsza kompilacja powiodła się.
       Pominięto element docelowy „ResolveReferences”. Wcześniejsza kompilacja powiodła się.
     1>Element docelowy „BeforeBuildGenerateSources” w pliku „C:\Program Files (x86)\Microsoft Visual Studio\2017\Enterprise\Common7\IDE\VC\VCTargets\Microsoft.BuildSteps.Targets” z projektu „C:\Users\Mateusz\Desktop\Grfika\Wulkan\Wulkan\Wulkan.vcxproj” (zależy od niego element docelowy „_BuildGenerateSourcesAction”):
     1>Wykonano kompilowanie elementu docelowego „BeforeBuildGenerateSources” w projekcie „Wulkan.vcxproj”.
     1>Element docelowy „PreBuildEvent” w pliku „C:\Program Files (x86)\Microsoft Visual Studio\2017\Enterprise\Common7\IDE\VC\VCTargets\Microsoft.CppCommon.targets” z projektu „C:\Users\Mateusz\Desktop\Grfika\Wulkan\Wulkan\Wulkan.vcxproj” (zależy od niego element docelowy „_BuildGenerateSourcesAction”):
       Pominięto zadanie „Message” z powodu fałszywego warunku; ('%(PreBuildEvent.Message)' != '' and '%(PreBuildEvent.Command)' != '') oszacowano jako ('' != '' and '' != '').
       Pominięto zadanie „Exec” z powodu fałszywego warunku; ('%(PreBuildEvent.Command)' != '') oszacowano jako ('' != '').
     1>Wykonano kompilowanie elementu docelowego „PreBuildEvent” w projekcie „Wulkan.vcxproj”.
       Pominięto element docelowy „CustomBuild” z powodu fałszywego warunku; ('@(CustomBuild)' != '') oszacowano jako ('' != '').
       Pominięto element docelowy „FxExport” z powodu fałszywego warunku; ('@(FxCompile)' != '') oszacowano jako ('' != '').
       Pominięto element docelowy „FxCompile” z powodu fałszywego warunku; ('@(FxCompile)' != '') oszacowano jako ('' != '').
       Pominięto element docelowy „_CreateCopyFileItems” z powodu fałszywego warunku; ('@(CopyFileToFolders)' != '') oszacowano jako ('' != '').
       Pominięto element docelowy „PrepareForBuild”. Wcześniejsza kompilacja powiodła się.
       Pominięto element docelowy „InitializeBuildStatus”. Wcześniejsza kompilacja powiodła się.
       Pominięto element docelowy „SetBuildDefaultEnvironmentVariables”. Wcześniejsza kompilacja powiodła się.
       Pominięto element docelowy „SetUserMacroEnvironmentVariables” z powodu fałszywego warunku; ('@(BuildMacro)' != '' and '$(DesignTimeBuild)' != 'true') oszacowano jako ('' != '' and '' != 'true').
     1>Element docelowy „_SelectedFiles” w pliku „C:\Program Files (x86)\Microsoft Visual Studio\2017\Enterprise\Common7\IDE\VC\VCTargets\Microsoft.CppBuild.targets” z projektu „C:\Users\Mateusz\Desktop\Grfika\Wulkan\Wulkan\Wulkan.vcxproj” (zależy od niego element docelowy „CopyFileToFolders”):
     1>Wykonano kompilowanie elementu docelowego „_SelectedFiles” w projekcie „Wulkan.vcxproj”.
     1>Element docelowy „CopyFileToFolders” w pliku „C:\Program Files (x86)\Microsoft Visual Studio\2017\Enterprise\Common7\IDE\VC\VCTargets\Microsoft.CppCommon.targets” z projektu „C:\Users\Mateusz\Desktop\Grfika\Wulkan\Wulkan\Wulkan.vcxproj” (zależy od niego element docelowy „_BuildGenerateSourcesAction”):
       Używanie zadania „GetOutOfDateItems” z zestawu „C:\Program Files (x86)\Microsoft Visual Studio\2017\Enterprise\Common7\IDE\VC\VCTargets\Microsoft.Build.CppTasks.Common.dll”.
       Zadanie „GetOutOfDateItems”
       Wykonywanie zadania „GetOutOfDateItems” zakończone.
       Pominięto zadanie „Copy” z powodu fałszywego warunku; ('@(_OutOfDateCopyFile)' != '') oszacowano jako ('' != '').
     1>Wykonano kompilowanie elementu docelowego „CopyFileToFolders” w projekcie „Wulkan.vcxproj”.
       Pominięto element docelowy „Xsd” z powodu fałszywego warunku; ('@(Xsd)' != '') oszacowano jako ('' != '').
     1>Element docelowy „_Xsd” w pliku „C:\Program Files (x86)\Microsoft Visual Studio\2017\Enterprise\Common7\IDE\VC\VCTargets\Microsoft.CppBuild.targets” z projektu „C:\Users\Mateusz\Desktop\Grfika\Wulkan\Wulkan\Wulkan.vcxproj” (zależy od niego element docelowy „_BuildGenerateSourcesAction”):
     1>Wykonano kompilowanie elementu docelowego „_Xsd” w projekcie „Wulkan.vcxproj”.
     1>Element docelowy „MakeDirsForMidl” w pliku „C:\Program Files (x86)\Microsoft Visual Studio\2017\Enterprise\Common7\IDE\VC\VCTargets\Microsoft.CppBuild.targets” z projektu „C:\Users\Mateusz\Desktop\Grfika\Wulkan\Wulkan\Wulkan.vcxproj” (zależy od niego element docelowy „_Midl”):
       Zadanie „Makedir”
       Wykonywanie zadania „Makedir” zakończone.
     1>Wykonano kompilowanie elementu docelowego „MakeDirsForMidl” w projekcie „Wulkan.vcxproj”.
       Pominięto element docelowy „Midl” z powodu fałszywego warunku; ('@(Midl)' != '') oszacowano jako ('' != '').
       Pominięto element docelowy „CustomBuild” z powodu fałszywego warunku; ('@(CustomBuild)' != '') oszacowano jako ('' != '').
       Pominięto element docelowy „FxExport” z powodu fałszywego warunku; ('@(FxCompile)' != '') oszacowano jako ('' != '').
       Pominięto element docelowy „FxCompile” z powodu fałszywego warunku; ('@(FxCompile)' != '') oszacowano jako ('' != '').
     1>Element docelowy „ComputeMIDLGeneratedCompileInputs” w pliku „C:\Program Files (x86)\Microsoft Visual Studio\2017\Enterprise\Common7\IDE\VC\VCTargets\Microsoft.CppBuild.targets” z projektu „C:\Users\Mateusz\Desktop\Grfika\Wulkan\Wulkan\Wulkan.vcxproj” (zależy od niego element docelowy „_Midl”):
     1>Wykonano kompilowanie elementu docelowego „ComputeMIDLGeneratedCompileInputs” w projekcie „Wulkan.vcxproj”.
     1>Element docelowy „AfterMidl” w pliku „C:\Program Files (x86)\Microsoft Visual Studio\2017\Enterprise\Common7\IDE\VC\VCTargets\Microsoft.CppBuild.targets” z projektu „C:\Users\Mateusz\Desktop\Grfika\Wulkan\Wulkan\Wulkan.vcxproj” (zależy od niego element docelowy „_Midl”):
     1>Wykonano kompilowanie elementu docelowego „AfterMidl” w projekcie „Wulkan.vcxproj”.
     1>Element docelowy „_Midl” w pliku „C:\Program Files (x86)\Microsoft Visual Studio\2017\Enterprise\Common7\IDE\VC\VCTargets\Microsoft.CppBuild.targets” z projektu „C:\Users\Mateusz\Desktop\Grfika\Wulkan\Wulkan\Wulkan.vcxproj” (zależy od niego element docelowy „_BuildGenerateSourcesAction”):
     1>Wykonano kompilowanie elementu docelowego „_Midl” w projekcie „Wulkan.vcxproj”.
     1>Element docelowy „AfterBuildGenerateSources” w pliku „C:\Program Files (x86)\Microsoft Visual Studio\2017\Enterprise\Common7\IDE\VC\VCTargets\Microsoft.BuildSteps.Targets” z projektu „C:\Users\Mateusz\Desktop\Grfika\Wulkan\Wulkan\Wulkan.vcxproj” (zależy od niego element docelowy „_BuildGenerateSourcesAction”):
     1>Wykonano kompilowanie elementu docelowego „AfterBuildGenerateSources” w projekcie „Wulkan.vcxproj”.
     1>Element docelowy „AfterBuildGenerateSourcesEvent” w pliku „C:\Program Files (x86)\Microsoft Visual Studio\2017\Enterprise\Common7\IDE\VC\VCTargets\Microsoft.CppBuild.targets” z projektu „C:\Users\Mateusz\Desktop\Grfika\Wulkan\Wulkan\Wulkan.vcxproj” (zależy od niego element docelowy „_BuildGenerateSourcesAction”):
     1>Wykonano kompilowanie elementu docelowego „AfterBuildGenerateSourcesEvent” w projekcie „Wulkan.vcxproj”.
     1>Element docelowy „_BuildGenerateSourcesAction” w pliku „C:\Program Files (x86)\Microsoft Visual Studio\2017\Enterprise\Common7\IDE\VC\VCTargets\Microsoft.CppBuild.targets” z projektu „C:\Users\Mateusz\Desktop\Grfika\Wulkan\Wulkan\Wulkan.vcxproj” (zależy od niego element docelowy „BuildGenerateSources”):
     1>Wykonano kompilowanie elementu docelowego „_BuildGenerateSourcesAction” w projekcie „Wulkan.vcxproj”.
     1>Element docelowy „BuildGenerateSources” w pliku „C:\Program Files (x86)\Microsoft Visual Studio\2017\Enterprise\MSBuild\15.0\Bin\Microsoft.Common.CurrentVersion.targets” z projektu „C:\Users\Mateusz\Desktop\Grfika\Wulkan\Wulkan\Wulkan.vcxproj” (zależy od niego element docelowy „Build”):
     1>Wykonano kompilowanie elementu docelowego „BuildGenerateSources” w projekcie „Wulkan.vcxproj”.
       Pominięto element docelowy „PrepareProjectReferences”. Wcześniejsza kompilacja powiodła się.
     1>Element docelowy „BuildCompileTraverse” w pliku „C:\Program Files (x86)\Microsoft Visual Studio\2017\Enterprise\MSBuild\15.0\Bin\Microsoft.Common.CurrentVersion.targets” z projektu „C:\Users\Mateusz\Desktop\Grfika\Wulkan\Wulkan\Wulkan.vcxproj” (zależy od niego element docelowy „BuildCompile”):
       Pominięto zadanie „MSBuild” z powodu fałszywego warunku; ('$(BuildPassReferences)' == 'true' and '@(ProjectReferenceWithConfiguration)' != '' and '@(_MSBuildProjectReferenceExistent)' != ''  and '%(_MSBuildProjectReferenceExistent.BuildReference)' == 'true') oszacowano jako ('' == 'true' and '' != '' and '' != ''  and '' == 'true').
     1>Wykonano kompilowanie elementu docelowego „BuildCompileTraverse” w projekcie „Wulkan.vcxproj”.
       Pominięto element docelowy „PrepareForBuild”. Wcześniejsza kompilacja powiodła się.
       Pominięto element docelowy „ResolveReferences”. Wcześniejsza kompilacja powiodła się.
     1>Element docelowy „BeforeClCompile” w pliku „C:\Program Files (x86)\Microsoft Visual Studio\2017\Enterprise\Common7\IDE\VC\VCTargets\Microsoft.CppBuild.targets” z projektu „C:\Users\Mateusz\Desktop\Grfika\Wulkan\Wulkan\Wulkan.vcxproj” (zależy od niego element docelowy „_ClCompile”):
     1>Wykonano kompilowanie elementu docelowego „BeforeClCompile” w projekcie „Wulkan.vcxproj”.
       Pominięto element docelowy „ComputeMIDLGeneratedCompileInputs”. Wcześniejsza kompilacja powiodła się.
     1>Element docelowy „ComputeCLInputPDBName” w pliku „C:\Program Files (x86)\Microsoft Visual Studio\2017\Enterprise\Common7\IDE\VC\VCTargets\Microsoft.CppBuild.targets” z projektu „C:\Users\Mateusz\Desktop\Grfika\Wulkan\Wulkan\Wulkan.vcxproj” (zależy od niego element docelowy „_ClCompile”):
     1>Wykonano kompilowanie elementu docelowego „ComputeCLInputPDBName” w projekcie „Wulkan.vcxproj”.
       Pominięto element docelowy „ResolveReferences”. Wcześniejsza kompilacja powiodła się.
     1>Element docelowy „ComputeReferenceCLInput” w pliku „C:\Program Files (x86)\Microsoft Visual Studio\2017\Enterprise\Common7\IDE\VC\VCTargets\Microsoft.CppBuild.targets” z projektu „C:\Users\Mateusz\Desktop\Grfika\Wulkan\Wulkan\Wulkan.vcxproj” (zależy od niego element docelowy „_ClCompile”):
       Pominięto zadanie „WriteLinesToFile” z powodu fałszywego warunku; (('@(_ReferenceCopyLocalPaths)'!='') and '$(DesignTimeBuild)' != 'true') oszacowano jako ((''!='') and '' != 'true').
       Pominięto zadanie „Message” z powodu fałszywego warunku; ('$(_REFERENCE_DEBUG)'=='true') oszacowano jako (''=='true').
     1>Wykonano kompilowanie elementu docelowego „ComputeReferenceCLInput” w projekcie „Wulkan.vcxproj”.
     1>Element docelowy „WarnCompileDuplicatedFilename” w pliku „C:\Program Files (x86)\Microsoft Visual Studio\2017\Enterprise\Common7\IDE\VC\VCTargets\Microsoft.CppBuild.targets” z projektu „C:\Users\Mateusz\Desktop\Grfika\Wulkan\Wulkan\Wulkan.vcxproj” (zależy od niego element docelowy „_ClCompile”):
       Pominięto zadanie „VCMessage” z powodu fałszywego warunku; ('%(ClCompile.ExcludedFromBuild)' != 'true' and '%(Filename)%(Extension)' != '@(ClCompile->'%(Filename)%(Extension)')' and '%(ObjectFileName)' == '@(ClCompile->Metadata(ObjectFileName)->Distinct())') oszacowano jako ('' != 'true' and 'glad.c' != 'glad.c' and 'x64\Debug\' == 'x64\Debug\').
       Pominięto zadanie „VCMessage” z powodu fałszywego warunku; ('%(ClCompile.ExcludedFromBuild)' != 'true' and '%(Filename)%(Extension)' != '@(ClCompile->'%(Filename)%(Extension)')' and '%(ObjectFileName)' == '@(ClCompile->Metadata(ObjectFileName)->Distinct())') oszacowano jako ('' != 'true' and 'main_file.cpp' != 'main_file.cpp' and 'x64\Debug\' == 'x64\Debug\').
       Pominięto zadanie „VCMessage” z powodu fałszywego warunku; ('%(ClCompile.ExcludedFromBuild)' != 'true' and '%(Filename)%(Extension)' != '@(ClCompile->'%(Filename)%(Extension)')' and '%(ObjectFileName)' == '@(ClCompile->Metadata(ObjectFileName)->Distinct())') oszacowano jako ('' != 'true' and 'mesh.cpp' != 'mesh.cpp' and 'x64\Debug\' == 'x64\Debug\').
       Pominięto zadanie „VCMessage” z powodu fałszywego warunku; ('%(ClCompile.ExcludedFromBuild)' != 'true' and '%(Filename)%(Extension)' != '@(ClCompile->'%(Filename)%(Extension)')' and '%(ObjectFileName)' == '@(ClCompile->Metadata(ObjectFileName)->Distinct())') oszacowano jako ('' != 'true' and 'model.h' != 'model.h' and 'x64\Debug\' == 'x64\Debug\').
       Pominięto zadanie „VCMessage” z powodu fałszywego warunku; ('%(ClCompile.ExcludedFromBuild)' != 'true' and '%(Filename)%(Extension)' != '@(ClCompile->'%(Filename)%(Extension)')' and '%(ObjectFileName)' == '@(ClCompile->Metadata(ObjectFileName)->Distinct())') oszacowano jako ('' != 'true' and 'Shader.cpp' != 'Shader.cpp' and 'x64\Debug\' == 'x64\Debug\').
       Pominięto zadanie „VCMessage” z powodu fałszywego warunku; ('%(ClCompile.ExcludedFromBuild)' != 'true' and '%(Filename)%(Extension)' != '@(ClCompile->'%(Filename)%(Extension)')' and '%(ObjectFileName)' == '@(ClCompile->Metadata(ObjectFileName)->Distinct())') oszacowano jako ('' != 'true' and 'stb_image.cpp' != 'stb_image.cpp' and 'x64\Debug\' == 'x64\Debug\').
     1>Wykonano kompilowanie elementu docelowego „WarnCompileDuplicatedFilename” w projekcie „Wulkan.vcxproj”.
     1>Element docelowy „FixupCLCompileOptions” w pliku „C:\Program Files (x86)\Microsoft Visual Studio\2017\Enterprise\Common7\IDE\VC\VCTargets\Microsoft.CppCommon.targets” z projektu „C:\Users\Mateusz\Desktop\Grfika\Wulkan\Wulkan\Wulkan.vcxproj” (zależy od niego element docelowy „_ClCompile”):
     1>Wykonano kompilowanie elementu docelowego „FixupCLCompileOptions” w projekcie „Wulkan.vcxproj”.
     1>Element docelowy „MakeDirsForCl” w pliku „C:\Program Files (x86)\Microsoft Visual Studio\2017\Enterprise\Common7\IDE\VC\VCTargets\Microsoft.CppBuild.targets” z projektu „C:\Users\Mateusz\Desktop\Grfika\Wulkan\Wulkan\Wulkan.vcxproj” (zależy od niego element docelowy „_ClCompile”):
       Zadanie „MakeDir”
       Wykonywanie zadania „MakeDir” zakończone.
     1>Wykonano kompilowanie elementu docelowego „MakeDirsForCl” w projekcie „Wulkan.vcxproj”.
       Pominięto element docelowy „_SelectedFiles”. Wcześniejsza kompilacja powiodła się.
       Pominięto element docelowy „ComputeMIDLGeneratedCompileInputs”. Wcześniejsza kompilacja powiodła się.
       Pominięto element docelowy „ComputeCLInputPDBName”. Wcześniejsza kompilacja powiodła się.
       Pominięto element docelowy „ComputeReferenceCLInput”. Wcześniejsza kompilacja powiodła się.
       Pominięto element docelowy „WarnCompileDuplicatedFilename”. Wcześniejsza kompilacja powiodła się.
       Pominięto element docelowy „FixupCLCompileOptions”. Wcześniejsza kompilacja powiodła się.
       Pominięto element docelowy „_SelectedFiles”. Wcześniejsza kompilacja powiodła się.
     1>Element docelowy „SelectCustomBuild” w pliku „C:\Program Files (x86)\Microsoft Visual Studio\2017\Enterprise\Common7\IDE\VC\VCTargets\Microsoft.CppBuild.targets” z projektu „C:\Users\Mateusz\Desktop\Grfika\Wulkan\Wulkan\Wulkan.vcxproj” (zależy od niego element docelowy „SelectClCompile”):
     1>Wykonano kompilowanie elementu docelowego „SelectCustomBuild” w projekcie „Wulkan.vcxproj”.
     1>Element docelowy „SelectClCompile” w pliku „C:\Program Files (x86)\Microsoft Visual Studio\2017\Enterprise\Common7\IDE\VC\VCTargets\Microsoft.CppBuild.targets” z projektu „C:\Users\Mateusz\Desktop\Grfika\Wulkan\Wulkan\Wulkan.vcxproj” (zależy od niego element docelowy „ClCompile”):
     1>Wykonano kompilowanie elementu docelowego „SelectClCompile” w projekcie „Wulkan.vcxproj”.
       Pominięto element docelowy „GenerateTargetFrameworkMonikerAttribute” z powodu fałszywego warunku; ('$(GenerateTargetFrameworkAttribute)' == 'true') oszacowano jako ('false' == 'true').
       Pominięto element docelowy „ManagedIncrementalBuildPreProcessDependencyGraph” z powodu fałszywego warunku; ('@(ClCompile)' != '' and '$(EnableManagedIncrementalBuild)' == 'True') oszacowano jako ('glad.c;main_file.cpp;mesh.cpp;model.h;Shader.cpp;stb_image.cpp' != '' and 'false' == 'True').
     1>Element docelowy „ClCompile” w pliku „C:\Program Files (x86)\Microsoft Visual Studio\2017\Enterprise\Common7\IDE\VC\VCTargets\Microsoft.CppCommon.targets” z projektu „C:\Users\Mateusz\Desktop\Grfika\Wulkan\Wulkan\Wulkan.vcxproj” (zależy od niego element docelowy „_ClCompile”):
       Używanie zadania „Delete” z zestawu „Microsoft.Build.Tasks.Core, Version=15.1.0.0, Culture=neutral, PublicKeyToken=b03f5f7f11d50a3a”.
       Zadanie „Delete”
       Wykonywanie zadania „Delete” zakończone.
       Pominięto zadanie „CL” z powodu fałszywego warunku; ('%(ClCompile.PrecompiledHeader)' == 'Create' and '%(ClCompile.ExcludedFromBuild)'!='true' and '%(ClCompile.CompilerIteration)' == '') oszacowano jako ('NotUsing' == 'Create' and ''!='true' and '' == '').
       Pominięto zadanie „CL” z powodu fałszywego warunku; ('%(ClCompile.PrecompiledHeader)' == 'Create' and '%(ClCompile.ExcludedFromBuild)'!='true' and '%(ClCompile.CompilerIteration)' == '') oszacowano jako ('NotUsing' == 'Create' and ''!='true' and '' == '').
       Używanie zadania „CL” z zestawu „C:\Program Files (x86)\Microsoft Visual Studio\2017\Enterprise\Common7\IDE\VC\VCTargets\Microsoft.Build.CppTasks.Common.dll”.
       Zadanie „CL”
         Wymuszenie ponownego kompilowania wszystkich plików źródłowych ze względu na brak pliku PDB "x64\Debug\vc141.pdb".
         Zmienna środowiskowa przekazana do narzędzia:
           VS_UNICODE_OUTPUT=1088
         C:\Program Files (x86)\Microsoft Visual Studio\2017\Enterprise\VC\Tools\MSVC\14.16.27023\bin\HostX86\x64\CL.exe /c /ZI /JMC /nologo /W3 /WX- /diagnostics:classic /sdl /Od /D _MBCS /Gm- /EHsc /RTC1 /MDd /GS /fp:precise /permissive- /Zc:wchar_t /Zc:forScope /Zc:inline /Fo"x64\Debug\\" /Fd"x64\Debug\vc141.pdb" /Gd /TC /FC /errorReport:prompt glad.c
         Polecenie śledzenia:
         C:\Program Files (x86)\Microsoft Visual Studio\2017\Enterprise\MSBuild\15.0\Bin\Tracker.exe /d "C:\Program Files (x86)\MSBuild\15.0\FileTracker\FileTracker32.dll" /i C:\Users\Mateusz\Desktop\Grfika\Wulkan\Wulkan\x64\Debug\Wulkan.tlog /r C:\USERS\MATEUSZ\DESKTOP\GRFIKA\WULKAN\WULKAN\GLAD.C /b MSBuildConsole_CancelEvent74840023d6674bb1be71db9aa4c69da0  /c "C:\Program Files (x86)\Microsoft Visual Studio\2017\Enterprise\VC\Tools\MSVC\14.16.27023\bin\HostX86\x64\CL.exe"  /c /ZI /JMC /nologo /W3 /WX- /diagnostics:classic /sdl /Od /D _MBCS /Gm- /EHsc /RTC1 /MDd /GS /fp:precise /permissive- /Zc:wchar_t /Zc:forScope /Zc:inline /Fo"x64\Debug\\" /Fd"x64\Debug\vc141.pdb" /Gd /TC /FC /errorReport:prompt glad.c
         glad.c
     1>c:\users\mateusz\desktop\grfika\wulkan\wulkan\glad.c(25): fatal error C1083: Nie można otworzyć pliku dołącz: 'glad/glad.h': No such file or directory
         Polecenie zostało zakończone z kodem 2.
       Wykonywanie zadania „CL” zakończone — NIEPOWODZENIE.
     1>Wykonano kompilowanie elementu docelowego „ClCompile” w projekcie „Wulkan.vcxproj” — NIEPOWODZENIE.
     1>Kompilowanie projektu „C:\Users\Mateusz\Desktop\Grfika\Wulkan\Wulkan\Wulkan.vcxproj” wykonane (elementy docelowe: Build) — NIEPOWODZENIE.

Kompilacja NIE POWIODŁA SIĘ.

       „C:\Users\Mateusz\Desktop\Grfika\Wulkan\Wulkan\Wulkan.vcxproj” (element docelowy Build) (1) ->
       (element docelowy ClCompile) -> 
         c:\users\mateusz\desktop\grfika\wulkan\wulkan\glad.c(25): fatal error C1083: Nie można otworzyć pliku dołącz: 'glad/glad.h': No such file or directory

    Ostrzeżenia: 0
    Liczba błędów: 1

Czas, który upłynął: 00:00:00.44
